mode: set
github.com/alexZaicev/xml/go/tree/prolog.go:9.26,11.2 1 0
github.com/alexZaicev/xml/go/tree/prolog.go:13.54,16.2 2 0
github.com/alexZaicev/xml/go/tree/prolog.go:18.60,21.2 2 0
github.com/alexZaicev/xml/go/tree/prolog.go:23.56,26.2 2 0
github.com/alexZaicev/xml/go/tree/xml_node.go:9.72,14.2 1 0
github.com/alexZaicev/xml/go/tree/xml_node.go:16.76,19.2 2 0
github.com/alexZaicev/xml/go/tree/xml_node.go:32.32,34.2 1 0
github.com/alexZaicev/xml/go/tree/xml_node.go:36.48,40.2 1 0
github.com/alexZaicev/xml/go/tree/xml_node.go:42.59,46.2 3 0
github.com/alexZaicev/xml/go/tree/xml_node.go:48.56,51.2 2 0
github.com/alexZaicev/xml/go/tree/xml_node.go:53.62,54.25 1 0
github.com/alexZaicev/xml/go/tree/xml_node.go:57.2,58.10 2 0
github.com/alexZaicev/xml/go/tree/xml_node.go:54.25,56.3 1 0
github.com/alexZaicev/xml/go/internal/errors/listener_errors.go:17.50,24.2 1 0
github.com/alexZaicev/xml/go/internal/errors/listener_errors.go:26.81,35.2 1 0
github.com/alexZaicev/xml/go/internal/errors/parser_errors.go:10.64,19.2 1 0
github.com/alexZaicev/xml/go/internal/errors/parser_errors.go:27.95,36.2 1 0
github.com/alexZaicev/xml/go/internal/errors/base_error.go:10.52,15.2 1 0
github.com/alexZaicev/xml/go/internal/errors/base_error.go:18.38,20.2 1 0
github.com/alexZaicev/xml/go/internal/errors/base_error.go:24.38,25.16 1 0
github.com/alexZaicev/xml/go/internal/errors/base_error.go:28.2,28.16 1 0
github.com/alexZaicev/xml/go/internal/errors/base_error.go:25.16,27.3 1 0
github.com/alexZaicev/xml/go/internal/errors/errors.go:10.69,18.2 1 0
github.com/alexZaicev/xml/go/internal/parser/error_listener.go:13.40,15.2 1 1
github.com/alexZaicev/xml/go/internal/parser/error_listener.go:17.42,19.2 1 1
github.com/alexZaicev/xml/go/internal/parser/error_listener.go:27.3,29.2 1 1
github.com/alexZaicev/xml/go/internal/parser/xml_parser.go:16.44,34.2 10 1
github.com/alexZaicev/xml/go/internal/parser/xml_parser.go:36.38,40.51 4 1
github.com/alexZaicev/xml/go/internal/parser/xml_parser.go:43.2,43.12 1 1
github.com/alexZaicev/xml/go/internal/parser/xml_parser.go:40.51,42.3 1 1
github.com/alexZaicev/xml/go/internal/parser/xml_parser.go:46.67,47.21 1 0
github.com/alexZaicev/xml/go/internal/parser/xml_parser.go:50.2,53.51 4 0
github.com/alexZaicev/xml/go/internal/parser/xml_parser.go:56.2,56.12 1 0
github.com/alexZaicev/xml/go/internal/parser/xml_parser.go:47.21,49.3 1 0
github.com/alexZaicev/xml/go/internal/parser/xml_parser.go:53.51,55.3 1 0
github.com/alexZaicev/xml/go/internal/listeners/listener.go:12.51,14.2 1 1
github.com/alexZaicev/xml/go/internal/listeners/listener.go:17.57,19.2 1 1
github.com/alexZaicev/xml/go/internal/listeners/util.go:3.38,4.17 1 1
github.com/alexZaicev/xml/go/internal/listeners/util.go:7.2,7.51 1 1
github.com/alexZaicev/xml/go/internal/listeners/util.go:10.2,10.14 1 0
github.com/alexZaicev/xml/go/internal/listeners/util.go:4.17,6.3 1 0
github.com/alexZaicev/xml/go/internal/listeners/util.go:7.51,9.3 1 1
github.com/alexZaicev/xml/go/internal/listeners/xml_listener.go:41.36,43.2 1 1
github.com/alexZaicev/xml/go/internal/listeners/xml_listener.go:45.52,46.26 1 1
github.com/alexZaicev/xml/go/internal/listeners/xml_listener.go:50.2,50.23 1 1
github.com/alexZaicev/xml/go/internal/listeners/xml_listener.go:53.2,57.50 2 1
github.com/alexZaicev/xml/go/internal/listeners/xml_listener.go:60.2,60.12 1 1
github.com/alexZaicev/xml/go/internal/listeners/xml_listener.go:46.26,49.3 2 0
github.com/alexZaicev/xml/go/internal/listeners/xml_listener.go:50.23,52.3 1 1
github.com/alexZaicev/xml/go/internal/listeners/xml_listener.go:57.50,59.3 1 0
github.com/alexZaicev/xml/go/internal/listeners/xml_listener.go:63.69,69.2 4 1
github.com/alexZaicev/xml/go/internal/listeners/xml_listener.go:71.65,75.2 2 1
github.com/alexZaicev/xml/go/internal/listeners/xml_listener.go:77.64,80.2 1 1
github.com/alexZaicev/xml/go/internal/listeners/xml_listener.go:82.67,84.26 1 1
github.com/alexZaicev/xml/go/internal/listeners/xml_listener.go:91.2,91.65 1 1
github.com/alexZaicev/xml/go/internal/listeners/xml_listener.go:96.2,98.27 3 1
github.com/alexZaicev/xml/go/internal/listeners/xml_listener.go:107.2,107.24 1 1
github.com/alexZaicev/xml/go/internal/listeners/xml_listener.go:124.2,125.16 2 1
github.com/alexZaicev/xml/go/internal/listeners/xml_listener.go:129.2,130.52 2 1
github.com/alexZaicev/xml/go/internal/listeners/xml_listener.go:84.26,86.3 1 1
github.com/alexZaicev/xml/go/internal/listeners/xml_listener.go:86.8,89.3 2 1
github.com/alexZaicev/xml/go/internal/listeners/xml_listener.go:91.65,94.3 2 0
github.com/alexZaicev/xml/go/internal/listeners/xml_listener.go:98.27,106.3 2 0
github.com/alexZaicev/xml/go/internal/listeners/xml_listener.go:107.24,109.3 1 1
github.com/alexZaicev/xml/go/internal/listeners/xml_listener.go:109.8,111.33 2 1
github.com/alexZaicev/xml/go/internal/listeners/xml_listener.go:119.3,119.25 1 1
github.com/alexZaicev/xml/go/internal/listeners/xml_listener.go:111.33,118.4 2 0
github.com/alexZaicev/xml/go/internal/listeners/xml_listener.go:125.16,128.3 2 0
github.com/alexZaicev/xml/go/internal/listeners/xml_listener.go:133.66,134.55 1 1
github.com/alexZaicev/xml/go/internal/listeners/xml_listener.go:138.2,138.35 1 1
github.com/alexZaicev/xml/go/internal/listeners/xml_listener.go:150.2,150.33 1 1
github.com/alexZaicev/xml/go/internal/listeners/xml_listener.go:134.55,136.3 1 0
github.com/alexZaicev/xml/go/internal/listeners/xml_listener.go:138.35,140.10 2 0
github.com/alexZaicev/xml/go/internal/listeners/xml_listener.go:140.10,146.4 1 0
github.com/alexZaicev/xml/go/internal/listeners/xml_listener.go:150.33,153.3 2 1
github.com/alexZaicev/xml/go/internal/listeners/xml_listener.go:156.69,157.55 1 1
github.com/alexZaicev/xml/go/internal/listeners/xml_listener.go:160.2,162.23 2 1
github.com/alexZaicev/xml/go/internal/listeners/xml_listener.go:157.55,159.3 1 0
github.com/alexZaicev/xml/go/internal/listeners/xml_listener.go:162.23,164.3 1 1
github.com/alexZaicev/xml/go/internal/listeners/xml_listener.go:167.71,169.24 1 1
github.com/alexZaicev/xml/go/internal/listeners/xml_listener.go:182.2,182.55 1 1
github.com/alexZaicev/xml/go/internal/listeners/xml_listener.go:185.2,185.27 1 1
github.com/alexZaicev/xml/go/internal/listeners/xml_listener.go:169.24,170.22 1 1
github.com/alexZaicev/xml/go/internal/listeners/xml_listener.go:178.3,179.9 2 1
github.com/alexZaicev/xml/go/internal/listeners/xml_listener.go:170.22,177.4 2 0
github.com/alexZaicev/xml/go/internal/listeners/xml_listener.go:182.55,184.3 1 0
github.com/alexZaicev/xml/go/internal/listeners/xml_listener.go:188.82,189.26 1 1
github.com/alexZaicev/xml/go/internal/listeners/xml_listener.go:193.2,193.13 1 1
github.com/alexZaicev/xml/go/internal/listeners/xml_listener.go:189.26,192.3 2 0
github.com/alexZaicev/xml/go/internal/listeners/xml_listener.go:196.75,198.18 2 1
github.com/alexZaicev/xml/go/internal/listeners/xml_listener.go:201.2,203.12 3 1
github.com/alexZaicev/xml/go/internal/listeners/xml_listener.go:198.18,200.3 1 0
github.com/alexZaicev/xml/go/internal/listeners/xml_listener.go:209.39,211.44 2 1
github.com/alexZaicev/xml/go/internal/listeners/xml_listener.go:214.2,214.26 1 1
github.com/alexZaicev/xml/go/internal/listeners/xml_listener.go:217.2,217.42 1 0
github.com/alexZaicev/xml/go/internal/listeners/xml_listener.go:211.44,213.3 1 0
github.com/alexZaicev/xml/go/internal/listeners/xml_listener.go:214.26,216.3 1 1
github.com/alexZaicev/xml/go/internal/listeners/xml_listener.go:220.74,223.16 2 1
github.com/alexZaicev/xml/go/internal/listeners/xml_listener.go:228.2,228.18 1 1
github.com/alexZaicev/xml/go/internal/listeners/xml_listener.go:223.16,226.3 2 0
github.com/alexZaicev/xml/go/internal/listeners/xml_listener.go:229.15,230.55 1 1
github.com/alexZaicev/xml/go/internal/listeners/xml_listener.go:238.18,239.62 1 1
github.com/alexZaicev/xml/go/internal/listeners/xml_listener.go:247.16,248.46 1 1
github.com/alexZaicev/xml/go/internal/listeners/xml_listener.go:249.10,253.5 1 0
github.com/alexZaicev/xml/go/internal/listeners/xml_listener.go:230.55,232.4 1 1
github.com/alexZaicev/xml/go/internal/listeners/xml_listener.go:232.9,237.4 1 1
github.com/alexZaicev/xml/go/internal/listeners/xml_listener.go:239.62,241.4 1 1
github.com/alexZaicev/xml/go/internal/listeners/xml_listener.go:241.9,246.4 1 1
github.com/alexZaicev/xml/go/internal/listeners/xml_listener.go:257.75,260.16 2 1
github.com/alexZaicev/xml/go/internal/listeners/xml_listener.go:265.2,265.40 1 1
github.com/alexZaicev/xml/go/internal/listeners/xml_listener.go:282.2,282.66 1 1
github.com/alexZaicev/xml/go/internal/listeners/xml_listener.go:260.16,263.3 2 0
github.com/alexZaicev/xml/go/internal/listeners/xml_listener.go:265.40,267.49 2 0
github.com/alexZaicev/xml/go/internal/listeners/xml_listener.go:275.3,275.31 1 0
github.com/alexZaicev/xml/go/internal/listeners/xml_listener.go:278.3,279.9 2 0
github.com/alexZaicev/xml/go/internal/listeners/xml_listener.go:267.49,274.4 2 0
github.com/alexZaicev/xml/go/internal/listeners/xml_listener.go:275.31,277.4 1 0
github.com/alexZaicev/xml/go/internal/listeners/xml_listener.go:287.116,289.43 2 1
github.com/alexZaicev/xml/go/internal/listeners/xml_listener.go:295.2,295.67 1 1
github.com/alexZaicev/xml/go/internal/listeners/xml_listener.go:289.43,294.3 1 0
